<?xml version="1.0" encoding="UTF-8"?>
<testsuite xmlns:xsi="http://www.w3.org/2001/XMLSchema-instance" xsi:noNamespaceSchemaLocation="https://maven.apache.org/surefire/maven-surefire-plugin/xsd/surefire-test-report-3.0.xsd" version="3.0" name="Project.Client.UnitTest" time="2.145" tests="3" errors="0" skipped="0" failures="0">
  <properties>
[...]
</properties>
  <testcase name="hasSuccessfullyConnected" classname="Project.Client.UnitTest" time="2.032">
    <system-out><![CDATA[Server listening on port 2000
null
]]></system-out>
  </testcase>
  <testcase name="hasSuccessfullyDisconnected" classname="Project.Client.UnitTest" time="0.0"/>
  <testcase name="hasRequestSent" classname="Project.Client.UnitTest" time="0.001">
    <system-out><![CDATA[null
]]></system-out>
  </testcase>
</testsuite>